{
  "stats": {
    "suites": 1,
    "tests": 1,
    "passes": 1,
    "pending": 0,
    "failures": 0,
    "start": "2024-05-03T14:15:36.269Z",
    "end": "2024-05-03T14:16:17.723Z",
    "duration": 41454,
    "testsRegistered": 1,
    "passPercent": 100,
    "pendingPercent": 0,
    "other": 0,
    "hasOther": false,
    "skipped": 0,
    "hasSkipped": false
  },
  "results": [
    {
      "uuid": "5f0e5a77-8031-41ad-a25a-34ebf4de5814",
      "title": "",
      "fullFile": "cypress\\integration\\E2ELoginBasicAccount.js",
      "file": "cypress\\integration\\E2ELoginBasicAccount.js",
      "beforeHooks": [],
      "afterHooks": [],
      "tests": [],
      "suites": [
        {
          "uuid": "0913140b-da51-4757-b840-597088c66d57",
          "title": "Login to Basic Account and Check Account Setting",
          "fullFile": "",
          "file": "",
          "beforeHooks": [],
          "afterHooks": [],
          "tests": [
            {
              "title": "Login to Basic Account In Main Menu",
              "fullTitle": "Login to Basic Account and Check Account Setting Login to Basic Account In Main Menu",
              "timedOut": null,
              "duration": 38890,
              "state": "passed",
              "speed": "slow",
              "pass": true,
              "fail": false,
              "pending": false,
              "context": null,
              "code": "cy.visit(Cypress.env('url_e2e_automation'));\ncy.wait(Cypress.env('element_load_time_out'));\nhomePage.getLoginMenu().click();\ncy.wait(Cypress.env('element_load_time_out')); //assert some field in login form is appeared\nhomePage.getLoginFormTitle().should('be.visible');\nhomePage.getLoginFormEmailField().should('be.visible');\nhomePage.getLoginFormPasswordField().should('be.visible');\nhomePage.getLoginButton().should('be.visible');\nhomePage.getLoginFormEmailField().type(Cypress.env('tia_email'));\nhomePage.getLoginFormPasswordField().type(Cypress.env('tia_password'));\nhomePage.getLoginButton().click();\ncy.wait(Cypress.env('element_load_time_out')); //wait for loading after login\nhomePage.getAccountSpanText().should('be.visible').and('have.text', 'Basic');\nhomePage.getAccountSpanParent().click();\ncy.wait(Cypress.env('element_load_time_out')); //wait for loading after click\n//check your account settings page\nhomePage.getAccountSettingMenuButton().should('be.visible');\nhomePage.getAccountSettingMenuButton().click();\ncy.wait(Cypress.env('element_load_time_out')); //wait for loading after click\naccountSettingsPage.getSettingsTitle().should('be.visible');\naccountSettingsPage.getEmailDiv().should('be.visible'); //assert that Email is correct\naccountSettingsPage.getEmailText().should('contain', Cypress.env('tia_email'));\naccountSettingsPage.getPasswordDiv().should('be.visible');",
              "err": {},
              "uuid": "c269c514-a216-4d4d-b2d7-748b20ebe00e",
              "parentUUID": "0913140b-da51-4757-b840-597088c66d57",
              "isHook": false,
              "skipped": false
            }
          ],
          "suites": [],
          "passes": [
            "c269c514-a216-4d4d-b2d7-748b20ebe00e"
          ],
          "failures": [],
          "pending": [],
          "skipped": [],
          "duration": 38890,
          "root": false,
          "rootEmpty": false,
          "_timeout": 2000
        }
      ],
      "passes": [],
      "failures": [],
      "pending": [],
      "skipped": [],
      "duration": 0,
      "root": true,
      "rootEmpty": true,
      "_timeout": 2000
    }
  ],
  "meta": {
    "mocha": {
      "version": "7.0.1"
    },
    "mochawesome": {
      "options": {
        "quiet": false,
        "reportFilename": "mochawesome",
        "saveHtml": true,
        "saveJson": true,
        "consoleReporter": "spec",
        "useInlineDiffs": false
      },
      "version": "4.1.0"
    },
    "marge": {
      "options": null,
      "version": "4.1.0"
    }
  }
}