{
  "stats": {
    "suites": 1,
    "tests": 1,
    "passes": 1,
    "pending": 0,
    "failures": 0,
    "start": "2024-04-24T13:58:44.841Z",
    "end": "2024-04-24T13:58:51.219Z",
    "duration": 6378,
    "testsRegistered": 1,
    "passPercent": 100,
    "pendingPercent": 0,
    "other": 0,
    "hasOther": false,
    "skipped": 0,
    "hasSkipped": false
  },
  "results": [
    {
      "uuid": "dac64da1-29e0-40c6-808a-0eda9cb82d24",
      "title": "",
      "fullFile": "cypress\\integration\\e2e_automation.js",
      "file": "cypress\\integration\\e2e_automation.js",
      "beforeHooks": [],
      "afterHooks": [],
      "tests": [],
      "suites": [
        {
          "uuid": "f4948ea0-6192-4237-baf4-acaa2b97aff2",
          "title": "Part 1 E2E Automation",
          "fullFile": "",
          "file": "",
          "beforeHooks": [],
          "afterHooks": [],
          "tests": [
            {
              "title": "Open Tech In Asia Website and Do Some Validation",
              "fullTitle": "Part 1 E2E Automation Open Tech In Asia Website and Do Some Validation",
              "timedOut": null,
              "duration": 4637,
              "state": "passed",
              "speed": "fast",
              "pass": true,
              "fail": false,
              "pending": false,
              "context": null,
              "code": "cy.visit(Cypress.env('url')); //main menu xpath\ncy.get('li.jsx-79662652 > a').as('mainMenuLocator'); //looping through the mainMenuLocator because it contains some menu\ncy.get('@mainMenuLocator').each(($el, index, $list) => {\n  const menuText = $el.text();\n  menuName[index] = menuText.toUpperCase();\n}).then(function () {\n  //use promise because javascript running asynchronous\n  //Assert true if each item in the main menu is existing: NEWS, JOBS, DATABASE, EVENTS, ABOUT, ADVERTISE\n  expect(menuName).to.include.members(Cypress.env('mandatoryMenu'));\n}); //widget container Upcoming Events xpath\ncy.get('div.jsx-2448937864 > div > div > a').as('upcomingeventsContainer');\ncy.log(cy.get('@upcomingeventsContainer').length);",
              "err": {},
              "uuid": "8b614f70-de10-46a2-b1ea-d5da60419083",
              "parentUUID": "f4948ea0-6192-4237-baf4-acaa2b97aff2",
              "isHook": false,
              "skipped": false
            }
          ],
          "suites": [],
          "passes": [
            "8b614f70-de10-46a2-b1ea-d5da60419083"
          ],
          "failures": [],
          "pending": [],
          "skipped": [],
          "duration": 4637,
          "root": false,
          "rootEmpty": false,
          "_timeout": 2000
        }
      ],
      "passes": [],
      "failures": [],
      "pending": [],
      "skipped": [],
      "duration": 0,
      "root": true,
      "rootEmpty": true,
      "_timeout": 2000
    }
  ],
  "meta": {
    "mocha": {
      "version": "7.0.1"
    },
    "mochawesome": {
      "options": {
        "quiet": false,
        "reportFilename": "mochawesome",
        "saveHtml": true,
        "saveJson": true,
        "consoleReporter": "spec",
        "useInlineDiffs": false
      },
      "version": "4.1.0"
    },
    "marge": {
      "options": null,
      "version": "4.1.0"
    }
  }
}